NAME: br17 
TYPE: ATSP 
COMMENT: 17 city problem (Repetto) 
DIMENSION: 17 
EDGE_WEIGHT_TYPE: EXPLICIT 
EDGE_WEIGHT_FORMAT: FULL_MATRIX 

CROSSOVER: 1
MUTATIONS: 1 2
SELECTION: 2
GENERATIONS: 51
POPULATION: 850

0 time
 8 7 12 1 10 0 2 13 9 16 11 6 5 15 4 3 14 | Mu 54.

1 time
 9 12 2 1 0 11 5 14 3 4 6 15 16 8 7 10 13 | Mu 48.

2 time
 11 9 13 1 2 12 15 14 6 5 4 3 7 16 10 0 8 | Mu 59.

3 time
 7 12 0 2 13 10 14 15 4 3 6 5 9 1 11 8 16 | Mu 52.

4 time
 13 1 12 2 9 10 11 16 8 7 15 5 6 4 3 14 0 | Mu 50.

5 time
 12 10 1 9 2 13 0 11 16 8 15 14 6 5 3 4 7 | Mu 44.

6 time
 10 1 9 16 8 3 4 14 15 5 6 12 13 2 11 0 7 | Mu 49.

7 time
 9 10 13 11 2 0 15 5 4 3 6 14 16 8 7 12 1 | Mu 51.

8 time
 1 10 2 12 16 7 0 13 9 11 15 5 3 4 6 14 8 | Mu 60.

9 time
 3 5 16 0 2 13 9 10 1 11 8 7 12 14 15 6 4 | Mu 54.

10 time
 10 0 9 1 2 13 12 7 8 11 15 6 14 5 4 3 16 | Mu 53.

11 time
 16 9 12 13 2 1 7 5 6 15 4 3 14 11 10 0 8 | Mu 55.

12 time
 10 2 1 0 8 14 5 3 4 6 15 16 7 9 11 12 13 | Mu 59.

13 time
 6 3 4 5 12 2 13 1 8 16 7 9 10 0 11 14 15 | Mu 47.

14 time
 10 8 7 5 6 14 3 4 15 16 12 1 9 2 13 11 0 | Mu 49.

15 time
 11 10 8 7 12 2 13 1 5 14 15 3 4 6 16 9 0 | Mu 55.

16 time
 14 15 6 4 3 16 8 7 9 12 1 11 0 2 13 10 5 | Mu 42.

17 time
 11 10 1 0 13 2 12 8 7 16 15 6 5 3 4 14 9 | Mu 50.

18 time
 7 16 1 12 14 5 3 4 6 15 11 10 13 2 0 9 8 | Mu 52.

19 time
 4 15 14 8 7 16 11 0 13 2 1 9 12 10 5 6 3 | Mu 41.

20 time
 9 10 1 12 2 13 0 11 8 14 5 15 6 4 3 7 16 | Mu 44.

21 time
 14 15 6 4 3 5 7 16 9 10 1 13 2 12 11 8 0 | Mu 52.

22 time
 2 13 10 12 9 1 14 6 5 3 4 8 7 16 15 0 11 | Mu 50.

23 time
 3 4 14 6 11 8 7 16 12 13 2 1 10 9 0 15 5 | Mu 47.

24 time
 0 12 10 13 9 2 1 8 11 7 16 4 3 6 15 5 14 | Mu 56.

25 time
 4 14 1 11 12 13 2 9 10 0 7 8 16 15 5 6 3 | Mu 48.

26 time
 16 11 2 13 10 9 1 0 12 8 7 5 15 14 6 4 3 | Mu 50.

27 time
 1 9 10 12 13 11 2 0 8 7 4 3 5 6 15 14 16 | Mu 54.

28 time
 16 7 8 11 0 2 12 13 9 10 1 14 15 5 4 3 6 | Mu 47.

29 time
 12 1 16 4 3 6 15 14 5 8 7 10 0 11 9 2 13 | Mu 48.

30 time
 3 6 14 5 15 8 7 9 1 11 2 0 13 12 10 16 4 | Mu 57.

31 time
 3 15 14 5 16 10 9 2 13 12 1 11 7 8 0 6 4 | Mu 52.

32 time
 8 0 10 13 11 1 12 2 9 5 15 14 6 4 3 16 7 | Mu 51.

33 time
 12 10 2 9 11 13 0 7 6 5 14 15 4 3 8 16 1 | Mu 55.

34 time
 4 14 15 5 0 13 2 12 1 9 7 8 16 11 10 6 3 | Mu 49.

35 time
 4 3 14 5 0 16 7 8 11 12 1 13 2 10 9 15 6 | Mu 47.

36 time
 2 10 12 9 13 1 6 14 4 15 5 3 8 7 16 11 0 | Mu 57.

37 time
 2 13 10 9 12 5 3 4 6 14 15 11 0 16 8 7 1 | Mu 44.

38 time
 10 0 13 2 11 9 12 1 6 14 15 5 4 3 7 8 16 | Mu 47.

39 time
 10 9 2 1 13 0 11 12 15 4 3 14 6 5 16 8 7 | Mu 50.

40 time
 15 5 3 4 14 6 0 2 13 9 8 10 1 12 11 7 16 | Mu 54.

41 time
 16 7 14 4 3 5 6 15 11 0 13 1 2 9 12 10 8 | Mu 47.

42 time
 8 16 10 15 14 4 3 5 6 11 13 12 9 1 2 0 7 | Mu 54.

43 time
 15 16 12 9 1 11 2 13 0 10 7 8 6 5 14 3 4 | Mu 54.

44 time
 4 5 14 6 3 15 0 11 1 10 12 13 2 9 7 8 16 | Mu 52.

45 time
 6 12 10 16 9 2 1 13 11 0 7 8 5 15 14 4 3 | Mu 57.

46 time
 14 5 15 9 10 2 13 0 11 1 7 16 8 12 6 3 4 | Mu 49.

47 time
 3 4 5 6 16 7 12 0 11 1 13 2 10 8 9 15 14 | Mu 55.

48 time
 0 12 1 7 16 11 2 13 9 10 15 6 14 5 3 4 8 | Mu 52.

49 time
 11 2 13 0 1 9 12 8 6 15 5 4 3 14 16 7 10 | Mu 54.

MINIMUM: 41
AVERAGE: 51
MAXIMUM: 196

CROSSOVER: 2
MUTATIONS: 1 2
SELECTION: 2
GENERATIONS: 51
POPULATION: 850

0 time
 5 14 4 3 8 7 16 12 13 2 10 1 9 11 0 6 15 | Mu 40.

1 time
 15 6 5 9 7 8 16 11 0 1 10 13 2 12 14 3 4 | Mu 47.

2 time
 15 3 4 14 8 16 7 1 9 11 0 2 13 12 10 6 5 | Mu 44.

3 time
 9 12 1 10 13 2 0 16 8 7 4 3 14 6 15 5 11 | Mu 42.

4 time
 10 1 13 2 11 0 12 8 7 16 15 14 5 3 4 6 9 | Mu 44.

5 time
 12 1 0 11 10 13 2 9 16 6 4 3 5 15 14 7 8 | Mu 50.

6 time
 5 14 15 4 3 16 7 0 8 10 12 9 1 2 13 11 6 | Mu 49.

7 time
 9 1 0 2 13 12 10 11 14 3 4 15 5 6 7 16 8 | Mu 47.

8 time
 7 16 8 0 1 12 2 13 10 9 6 5 4 3 14 15 11 | Mu 47.

9 time
 3 8 7 16 12 9 2 13 1 10 0 11 5 14 6 15 4 | Mu 40.

10 time
 15 5 6 4 3 7 9 0 11 12 1 2 13 10 16 8 14 | Mu 48.

11 time
 6 14 15 10 9 12 2 13 11 0 1 8 16 7 5 4 3 | Mu 44.

12 time
 3 15 5 6 10 1 9 7 8 16 11 0 2 13 12 14 4 | Mu 46.

13 time
 4 6 11 9 12 0 13 2 10 1 8 7 16 14 5 15 3 | Mu 47.

14 time
 11 0 2 13 1 10 12 9 16 15 14 4 3 5 6 8 7 | Mu 46.

15 time
 7 14 15 3 4 5 6 10 12 2 13 1 9 0 11 16 8 | Mu 42.

16 time
 3 6 5 14 12 1 9 2 13 0 11 10 8 16 7 15 4 | Mu 44.

17 time
 4 8 7 9 12 1 10 2 13 11 0 16 15 14 6 5 3 | Mu 44.

18 time
 11 0 12 10 1 7 8 16 6 5 14 3 4 15 9 13 2 | Mu 44.

19 time
 15 3 4 6 14 0 9 2 13 12 11 1 10 16 7 8 5 | Mu 48.

20 time
 14 8 9 0 11 7 16 1 12 2 13 10 5 6 15 3 4 | Mu 52.

21 time
 2 13 10 12 0 7 16 8 5 15 4 3 14 6 11 1 9 | Mu 45.

22 time
 3 4 5 14 6 9 1 10 11 7 16 8 0 13 2 12 15 | Mu 49.

23 time
 3 6 15 5 9 16 7 1 2 13 10 12 11 0 8 14 4 | Mu 52.

24 time
 15 6 11 9 10 12 1 13 2 0 8 7 16 14 5 4 3 | Mu 44.

25 time
 3 4 14 15 0 2 10 12 9 1 13 11 16 8 7 5 6 | Mu 49.

26 time
 5 4 3 6 16 7 8 11 2 13 1 10 12 9 0 14 15 | Mu 44.

27 time
 1 9 0 13 2 10 11 7 8 12 6 14 15 4 3 5 16 | Mu 57.

28 time
 9 16 10 2 13 11 0 6 15 3 4 14 5 8 7 12 1 | Mu 51.

29 time
 6 5 14 7 16 10 12 9 1 0 13 2 11 8 15 4 3 | Mu 51.

30 time
 3 5 6 15 14 16 7 11 0 13 9 1 10 2 12 8 4 | Mu 50.

31 time
 9 8 7 16 11 0 15 14 4 3 5 6 10 2 13 1 12 | Mu 44.

32 time
 6 14 9 1 10 12 13 2 11 0 16 8 7 15 4 3 5 | Mu 41.

33 time
 12 10 2 13 1 9 7 16 4 3 5 15 14 6 8 0 11 | Mu 45.

34 time
 6 14 5 15 7 11 0 2 13 12 1 10 9 8 16 3 4 | Mu 44.

35 time
 9 2 13 1 16 10 12 11 0 15 5 14 6 3 4 7 8 | Mu 50.

36 time
 16 7 12 9 13 2 10 15 6 3 4 14 5 8 1 11 0 | Mu 52.

37 time
 9 12 2 13 0 15 5 4 3 14 6 7 8 1 10 11 16 | Mu 54.

38 time
 11 0 13 2 1 9 7 10 16 8 15 6 5 3 4 14 12 | Mu 54.

39 time
 14 15 5 6 4 3 16 7 0 1 10 12 13 2 9 11 8 | Mu 48.

40 time
 14 6 5 7 16 8 0 11 9 1 12 13 2 10 15 3 4 | Mu 42.

41 time
 11 0 12 2 13 1 10 9 8 7 16 15 3 4 6 14 5 | Mu 42.

42 time
 6 5 14 11 13 2 0 1 9 10 12 8 7 16 15 4 3 | Mu 46.

43 time
 2 10 13 11 8 16 7 6 15 3 4 14 5 12 1 9 0 | Mu 52.

44 time
 0 2 13 10 1 12 9 15 3 4 5 6 14 16 7 8 11 | Mu 41.

45 time
 12 13 9 8 7 16 0 11 5 15 4 3 6 14 10 1 2 | Mu 50.

46 time
 14 3 4 6 11 0 1 9 12 2 13 10 8 16 7 5 15 | Mu 42.

47 time
 4 16 7 8 11 0 9 12 10 2 13 1 15 14 5 6 3 | Mu 40.

48 time
 15 14 5 1 12 9 13 2 0 11 10 8 16 7 4 3 6 | Mu 42.

49 time
 14 6 15 0 7 16 8 11 13 9 2 1 12 10 5 3 4 | Mu 52.

MINIMUM: 40
AVERAGE: 46
MAXIMUM: 368

