NAME: ft70 
TYPE: ATSP 
COMMENT: Asymmetric TSP (Fischetti) 
DIMENSION: 70 
EDGE_WEIGHT_TYPE: EXPLICIT 
EDGE_WEIGHT_FORMAT: FULL_MATRIX 

CROSSOVER: 1
MUTATIONS: 1 0
SELECTION: 1
GENERATIONS: 1750
POPULATION: 350

0 time
 4 8 2 1 18 17 26 25 13 7 46 43 3 60 65 41 69 67 68 63 64 48 6 66 39 37 40 35 57 27 59 21 51 20 11 14 10 12 28 15 53 23 30 42 36 5 9 45 49 29 54 52 50 22 33 31 58 44 34 32 38 0 55 16 47 62 61 24 56 19 | Mu 52014.

1 time
 22 25 23 8 46 64 68 63 66 58 48 16 51 52 18 15 11 43 29 12 9 0 28 5 3 60 59 44 45 62 10 38 39 69 67 49 35 37 65 4 33 31 32 1 50 24 56 55 53 27 6 17 42 41 36 40 57 30 7 13 14 20 2 26 21 54 34 61 19 47 | Mu 52145.

2 time
 68 69 64 43 34 39 37 42 23 5 3 18 30 41 63 66 67 48 16 15 27 24 1 59 44 65 58 57 56 54 10 7 28 45 62 8 60 9 50 17 55 25 22 6 11 2 52 53 26 33 51 20 29 21 46 49 47 35 36 40 32 12 4 31 38 13 14 0 61 19 | Mu 53252.

3 time
 28 54 59 58 44 68 66 63 69 67 38 65 39 40 29 23 26 52 50 53 3 0 27 13 8 46 64 57 22 25 30 36 42 41 35 37 15 5 4 56 12 1 60 31 62 10 9 7 2 33 20 18 47 48 45 49 43 6 16 11 14 21 24 55 51 17 19 61 32 34 | Mu 50592.

4 time
 52 69 67 65 66 64 63 38 39 42 68 43 49 47 51 22 26 55 8 12 10 59 15 28 35 41 36 13 14 50 37 40 32 27 58 57 44 23 5 4 2 45 31 62 61 25 11 7 6 0 33 34 3 21 54 53 1 60 9 18 30 46 48 29 24 56 20 17 16 19 | Mu 49742.

MINIMUM: 49742
AVERAGE: 51549
MAXIMUM: 53252

CROSSOVER: 1
MUTATIONS: 2 0
SELECTION: 1
GENERATIONS: 1750
POPULATION: 350

0 time
 14 10 8 11 9 66 63 69 65 38 35 39 41 40 45 43 34 44 49 64 68 36 42 57 22 21 28 55 51 31 58 27 25 13 46 67 52 37 59 60 2 56 50 33 30 15 7 4 1 0 6 16 19 47 23 26 24 3 18 17 5 53 54 20 29 12 62 61 32 48 | Mu 50903.

1 time
 42 41 63 64 65 38 35 43 68 48 49 67 66 69 46 14 13 5 45 61 57 22 27 25 21 1 0 53 3 26 28 54 59 60 44 29 12 10 9 50 16 15 7 8 24 33 34 30 36 39 37 40 23 55 51 18 17 4 2 56 20 11 6 19 47 62 58 31 32 52 | Mu 51212.

2 time
 20 64 21 56 15 11 1 0 38 39 37 41 68 66 69 63 65 67 36 13 5 45 44 6 4 54 52 22 24 27 50 19 18 16 33 35 40 62 61 42 23 26 55 29 28 9 8 14 59 58 57 43 34 12 3 30 25 7 2 53 17 10 46 48 49 47 51 31 60 32 | Mu 51929.

3 time
 53 4 23 15 43 46 67 48 66 36 68 39 37 63 69 65 41 64 42 40 38 57 51 33 59 10 30 1 3 60 34 29 27 24 6 50 18 25 13 12 9 7 5 28 26 2 22 14 0 45 58 44 49 35 11 21 54 52 55 20 16 19 47 62 61 8 56 32 31 17 | Mu 52664.

4 time
 3 46 45 44 68 64 63 65 41 69 17 42 57 28 58 43 34 29 54 52 55 53 51 50 22 26 23 24 56 39 37 66 40 36 13 5 27 59 10 0 6 16 19 30 35 38 11 9 8 7 1 25 4 2 33 32 67 49 47 62 61 60 31 15 21 18 20 14 12 48 | Mu 53001.

MINIMUM: 50903
AVERAGE: 51941
MAXIMUM: 53001

CROSSOVER: 1
MUTATIONS: 1 2
SELECTION: 1
GENERATIONS: 1750
POPULATION: 350

0 time
 52 54 57 30 29 21 65 68 67 63 45 34 23 15 37 69 64 66 32 22 25 13 60 9 43 49 5 4 8 27 24 56 39 0 1 35 36 40 42 41 44 47 55 33 20 31 50 53 38 7 14 12 11 10 3 6 17 28 26 18 19 51 16 2 59 58 48 46 62 61 | Mu 51001.

1 time
 31 62 22 7 11 3 57 27 24 29 23 26 13 14 6 0 45 49 35 38 37 68 65 67 41 42 46 61 59 8 10 16 4 1 25 5 30 50 20 17 55 69 66 64 63 36 40 60 44 48 47 43 34 39 12 52 51 18 15 2 56 33 32 58 28 54 53 21 9 19 | Mu 50769.

2 time
 17 15 56 32 44 27 23 55 29 69 67 65 66 64 68 35 38 43 63 48 16 11 9 8 13 7 46 45 10 5 22 25 24 30 51 18 31 42 36 41 39 1 0 21 28 3 57 33 20 59 58 2 4 54 52 50 37 6 60 34 26 53 12 14 49 47 62 61 40 19 | Mu 51072.

3 time
 8 12 63 69 39 4 25 35 41 36 38 42 40 37 3 31 18 47 55 51 50 22 23 30 15 7 13 14 10 59 60 66 68 19 17 21 24 28 9 67 43 49 5 27 58 57 56 33 29 26 54 52 46 45 64 65 16 44 48 0 6 11 1 20 2 32 34 62 61 53 | Mu 52809.

4 time
 55 46 59 44 27 26 50 17 3 31 30 35 39 37 64 66 63 43 68 65 67 38 41 45 48 47 49 14 10 12 15 6 28 21 1 0 33 58 62 61 57 4 56 53 25 13 5 11 9 22 7 2 8 20 24 23 52 69 42 36 40 32 29 51 18 19 16 54 60 34 | Mu 51543.

MINIMUM: 50769
AVERAGE: 51438
MAXIMUM: 52809

CROSSOVER: 1
MUTATIONS: 1 0
SELECTION: 2
GENERATIONS: 1750
POPULATION: 350

0 time
 30 39 37 40 69 66 65 67 33 5 22 21 24 56 54 44 48 16 11 8 20 13 12 68 63 64 35 38 0 57 58 28 15 7 17 25 4 1 29 9 14 60 2 45 43 49 10 59 34 32 27 31 41 36 42 52 55 51 18 62 6 50 53 3 46 47 19 23 26 61 | Mu 50852.

1 time
 52 37 63 66 68 69 64 36 59 2 15 11 10 4 25 3 0 56 50 17 16 47 34 32 27 21 33 30 29 65 38 35 67 40 43 44 49 14 8 13 5 1 31 60 57 48 46 62 61 54 20 18 19 55 53 51 22 7 28 23 26 24 6 45 58 41 42 39 12 9 | Mu 51321.

2 time
 14 43 69 67 41 35 38 36 42 33 34 44 65 68 63 66 30 32 12 10 9 64 48 6 15 7 46 57 27 24 3 5 4 2 21 26 23 56 25 13 8 20 39 40 60 31 58 28 1 0 55 22 53 51 50 37 59 18 19 17 16 54 52 11 49 47 29 45 62 61 | Mu 50820.

3 time
 3 60 44 43 49 68 63 42 35 41 39 55 7 4 23 24 30 15 27 26 46 62 58 57 0 1 45 64 69 66 37 67 65 36 38 40 10 9 8 11 12 18 19 50 52 13 14 6 51 31 33 29 22 25 5 28 54 56 53 21 20 17 2 59 34 61 16 47 48 32 | Mu 50818.

4 time
 65 64 16 27 6 38 35 41 36 63 69 68 66 30 37 60 2 4 25 11 8 20 17 22 21 26 24 56 55 50 42 67 58 13 5 45 61 57 1 7 3 10 14 9 12 28 54 59 62 44 43 49 47 33 31 39 40 32 15 23 52 51 46 34 29 53 18 19 0 48 | Mu 51330.

MINIMUM: 50818
AVERAGE: 51028
MAXIMUM: 51330

CROSSOVER: 1
MUTATIONS: 2 0
SELECTION: 2
GENERATIONS: 1750
POPULATION: 350

0 time
 49 5 63 64 42 65 67 69 66 36 39 1 4 28 54 33 30 50 18 25 7 14 12 10 11 3 46 43 6 38 68 41 40 35 37 60 59 58 57 44 48 45 61 9 0 56 53 15 27 22 21 26 24 13 8 2 52 55 20 17 16 19 47 29 23 51 31 32 34 62 | Mu 50335.

1 time
 59 62 42 41 67 68 65 66 64 63 36 31 9 22 21 54 51 46 45 60 34 32 10 4 28 30 8 43 49 13 20 17 19 55 50 52 56 33 58 23 26 6 0 1 15 11 3 18 37 69 48 16 38 35 39 24 2 7 5 14 25 29 27 12 57 44 47 53 61 40 | Mu 50931.

2 time
 32 29 12 11 8 9 7 3 28 69 48 6 59 63 68 66 42 38 65 64 37 40 36 39 35 15 21 45 67 41 24 4 31 30 44 27 26 25 13 10 18 19 47 43 49 14 1 0 56 33 5 22 23 52 51 46 62 58 57 53 50 17 16 2 60 34 61 54 20 55 | Mu 51110.

3 time
 62 10 8 11 13 12 63 64 66 65 68 35 41 69 67 39 38 6 28 52 46 60 9 7 1 3 5 22 25 45 59 44 48 43 31 29 54 23 56 33 51 19 57 30 50 53 4 26 55 2 42 37 58 15 47 49 14 20 17 16 18 24 0 27 21 36 40 32 34 61 | Mu 50843.

4 time
 23 8 12 10 63 69 66 65 64 37 68 43 49 48 26 24 5 11 7 28 30 15 21 27 6 0 56 54 53 51 50 17 25 42 46 57 29 1 4 31 60 44 34 32 59 2 22 35 36 39 41 40 38 13 14 9 67 58 33 62 61 18 19 55 20 16 47 45 3 52 | Mu 50806.

MINIMUM: 50335
AVERAGE: 50805
MAXIMUM: 51110

CROSSOVER: 1
MUTATIONS: 1 2
SELECTION: 2
GENERATIONS: 1750
POPULATION: 350

0 time
 34 69 67 64 68 66 43 20 17 25 3 5 6 38 42 35 40 65 58 28 45 49 63 39 41 37 36 51 50 22 23 15 4 2 56 54 52 18 30 29 27 57 48 46 62 59 60 61 44 21 1 26 13 8 16 19 47 55 33 31 9 7 11 10 12 14 0 53 24 32 | Mu 50378.

1 time
 22 27 65 64 38 68 48 46 45 63 66 67 35 13 11 8 12 58 25 3 60 34 59 57 30 9 5 10 7 4 23 21 24 33 32 29 69 37 42 39 36 15 28 51 18 19 55 53 26 6 2 0 56 50 17 14 1 20 16 44 43 49 47 54 52 62 61 41 40 31 | Mu 51277.

2 time
 31 41 69 64 63 65 68 67 43 66 30 35 38 13 3 8 12 11 59 4 22 0 21 25 7 20 39 37 15 5 9 60 58 57 27 24 6 2 1 29 54 10 14 50 16 51 45 61 53 52 56 42 40 36 28 26 33 34 32 44 46 48 47 55 18 19 17 23 62 49 | Mu 50915.

3 time
 17 25 65 37 36 0 1 5 4 2 23 56 54 59 10 63 66 38 67 69 68 43 34 39 41 40 44 49 35 50 33 30 45 46 48 26 52 53 22 7 28 15 6 11 8 12 9 13 14 60 64 42 55 51 18 16 19 47 62 61 58 27 24 3 57 29 21 20 31 32 | Mu 51741.

4 time
 26 50 31 36 42 69 65 64 37 35 38 68 67 63 48 6 59 57 27 24 4 2 23 5 1 15 10 9 13 66 25 12 8 11 43 49 47 0 51 33 32 29 28 45 58 44 34 39 40 7 46 60 52 55 20 17 16 18 19 30 41 21 3 56 53 22 14 62 61 54 | Mu 51128.

MINIMUM: 50378
AVERAGE: 51087
MAXIMUM: 51741

CROSSOVER: 2
MUTATIONS: 1 2
SELECTION: 2
GENERATIONS: 1750
POPULATION: 350

0 time
 31 51 33 39 41 63 66 65 67 43 6 3 28 54 52 25 24 27 45 61 53 4 23 35 64 49 32 29 12 11 5 9 8 7 1 0 38 69 36 40 60 57 22 15 13 46 68 42 37 58 26 55 30 50 18 17 16 19 59 10 14 2 56 20 47 62 44 48 34 21 | Mu 51710.

1 time
 67 63 65 64 48 46 14 10 12 28 54 57 23 26 13 68 69 66 38 51 18 1 31 30 50 17 16 22 7 60 27 21 20 42 41 36 39 44 34 11 9 8 4 35 15 43 32 33 37 40 62 58 25 3 5 59 2 52 56 55 29 53 24 6 0 45 61 19 47 49 | Mu 51148.

2 time
 63 68 67 65 69 58 25 35 14 66 42 55 2 22 7 3 27 21 5 59 4 1 0 26 52 13 10 9 8 6 28 57 56 53 15 11 43 49 29 23 30 45 48 64 37 60 34 32 12 20 18 19 47 33 41 38 36 51 50 17 24 46 62 61 44 16 31 39 40 54 | Mu 51770.

3 time
 59 66 68 67 69 64 63 43 34 32 27 25 45 62 58 15 1 23 55 22 26 13 46 60 9 7 11 41 42 37 0 38 40 35 5 6 2 21 65 49 29 54 57 44 48 8 12 10 4 28 3 30 50 18 19 51 33 31 39 36 14 17 24 56 53 20 16 47 52 61 | Mu 51496.

4 time
 34 59 66 35 38 39 37 40 45 58 43 22 23 56 33 5 11 8 6 60 14 68 63 65 3 50 18 24 29 9 7 46 44 49 13 12 15 2 36 41 69 67 64 21 26 52 51 31 30 1 4 25 28 55 53 42 57 48 16 19 17 47 62 61 54 20 32 27 10 0 | Mu 52386.

MINIMUM: 51148
AVERAGE: 51702
MAXIMUM: 52386

