NAME: ft53 
TYPE: ATSP 
COMMENT: Asymmetric TSP (Fischetti) 
DIMENSION: 53 
EDGE_WEIGHT_TYPE: EXPLICIT 
EDGE_WEIGHT_FORMAT: FULL_MATRIX 

CROSSOVER: 1
MUTATIONS: 1 0
SELECTION: 1
GENERATIONS: 1325
POPULATION: 265

0 time
 19 1 36 35 37 40 17 15 52 51 50 33 30 13 3 12 48 28 31 26 25 29 27 7 49 24 0 2 23 21 38 44 46 42 45 20 5 9 8 10 11 34 32 41 47 43 6 14 16 22 18 39 4 | Mu 14768.

1 time
 35 37 36 4 17 20 24 21 39 38 18 1 41 47 44 42 43 49 29 27 5 0 2 33 7 8 6 9 12 13 10 3 14 11 34 50 52 51 48 25 26 28 16 32 30 31 45 23 19 15 40 46 22 | Mu 13924.

2 time
 34 52 51 30 2 1 8 32 33 31 25 27 28 48 49 50 14 10 12 35 40 20 26 47 41 42 46 0 36 39 5 9 3 7 6 13 15 4 17 11 16 22 21 23 19 18 37 38 45 43 44 29 24 | Mu 14015.

3 time
 27 52 50 48 30 36 49 29 3 13 12 11 41 46 44 22 0 35 38 21 25 26 28 20 24 17 16 23 18 5 6 51 33 32 43 47 34 10 14 15 37 40 45 42 8 7 9 31 2 1 4 19 39 | Mu 15721.

4 time
 0 12 20 21 25 29 28 50 27 51 48 26 5 3 17 10 2 36 45 42 41 47 7 6 49 52 44 32 33 31 43 46 34 18 1 13 16 15 40 37 19 35 9 30 4 22 8 11 38 39 14 24 23 | Mu 15574.

MINIMUM: 13924
AVERAGE: 14800
MAXIMUM: 15721

CROSSOVER: 1
MUTATIONS: 2 0
SELECTION: 1
GENERATIONS: 1325
POPULATION: 265

0 time
 34 31 30 3 9 29 25 49 52 50 51 33 26 27 43 32 5 12 48 22 44 6 1 35 37 36 40 38 45 46 42 47 41 28 20 11 13 10 14 16 0 8 2 23 39 21 24 19 17 15 18 7 4 | Mu 15461.

1 time
 40 39 38 21 26 0 32 20 9 1 6 5 49 51 31 30 4 13 10 12 48 52 27 29 28 25 42 41 47 43 50 33 16 11 3 8 14 34 18 17 15 35 37 45 46 7 36 2 23 19 22 44 24 | Mu 15882.

2 time
 21 26 15 11 13 14 5 33 30 12 41 42 46 34 31 27 25 16 10 49 51 50 52 48 18 17 37 38 32 20 9 8 3 1 39 6 2 7 0 4 35 40 19 29 28 24 22 44 45 43 47 23 36 | Mu 14531.

3 time
 12 36 35 38 37 17 50 51 48 28 33 3 2 16 11 0 49 29 26 27 25 47 34 30 40 39 10 21 20 24 19 8 41 44 43 5 52 45 42 46 7 6 9 1 14 23 32 31 22 18 15 4 13 | Mu 14646.

4 time
 39 41 44 34 32 29 7 9 51 49 50 26 1 35 40 38 48 17 23 36 45 3 13 15 18 16 52 33 25 27 28 20 11 10 12 37 21 5 6 8 2 0 22 19 42 43 46 30 31 24 47 4 14 | Mu 16115.

MINIMUM: 14531
AVERAGE: 15327
MAXIMUM: 16115

CROSSOVER: 1
MUTATIONS: 1 2
SELECTION: 1
GENERATIONS: 1325
POPULATION: 265

0 time
 3 0 35 32 30 36 40 4 50 31 52 48 33 26 11 6 8 2 17 49 51 28 27 29 12 16 15 37 10 45 44 41 5 7 1 47 42 46 43 34 9 38 18 19 25 13 14 20 21 39 23 22 24 | Mu 15834.

1 time
 2 0 13 14 20 5 41 34 51 50 48 52 49 28 3 10 38 32 29 27 25 42 37 16 15 40 18 19 17 35 36 43 44 47 26 7 8 31 30 33 45 1 6 9 11 23 24 21 39 46 22 4 12 | Mu 14824.

2 time
 34 52 50 49 48 26 27 5 9 51 35 44 45 3 13 8 2 0 12 38 37 40 43 47 23 32 36 10 11 33 31 25 7 21 20 39 18 41 28 6 1 42 46 30 4 17 16 15 19 29 14 24 22 | Mu 15490.

3 time
 5 9 7 51 48 49 24 22 21 20 25 10 38 2 0 8 33 30 3 1 43 47 23 26 6 50 52 29 28 16 15 37 39 32 27 44 18 17 11 12 13 14 41 46 42 45 34 31 36 40 35 4 19 | Mu 14345.

4 time
 3 34 32 5 8 51 48 50 52 29 25 49 21 7 0 4 1 35 41 47 45 42 44 6 31 33 30 2 17 37 36 10 13 14 20 24 22 16 11 12 38 39 40 26 27 28 43 23 9 15 18 19 46 | Mu 14635.

MINIMUM: 14345
AVERAGE: 15025
MAXIMUM: 15834

CROSSOVER: 1
MUTATIONS: 1 0
SELECTION: 2
GENERATIONS: 1325
POPULATION: 265

0 time
 19 17 52 49 48 51 29 28 33 31 0 3 1 35 41 6 50 27 25 10 13 12 4 15 18 8 7 14 11 16 40 37 36 21 20 22 47 46 44 34 32 26 5 9 38 45 42 43 23 39 2 30 24 | Mu 14464.

1 time
 38 43 41 44 51 50 52 33 32 28 26 5 8 48 24 19 18 17 2 0 36 40 37 35 39 42 47 46 7 6 9 49 29 25 3 1 4 34 30 12 14 13 11 10 20 21 27 31 45 23 22 16 15 | Mu 14349.

2 time
 24 26 3 0 37 18 6 52 51 49 50 31 25 29 28 27 5 9 8 7 48 15 35 41 43 45 42 46 34 39 40 36 44 23 20 10 11 1 13 12 14 16 38 32 30 33 21 22 47 2 17 19 4 | Mu 14044.

3 time
 19 16 11 13 17 15 52 31 33 28 51 50 48 29 7 12 38 45 2 49 9 1 36 35 40 20 21 39 32 25 27 26 0 14 41 43 46 44 34 6 8 5 3 10 37 18 23 22 42 47 30 4 24 | Mu 14324.

4 time
 12 38 35 40 32 29 7 5 51 43 49 50 48 52 26 6 17 27 13 16 11 3 2 33 31 30 0 18 23 21 8 15 39 36 10 41 44 42 46 34 37 45 47 28 25 1 14 20 24 22 19 9 4 | Mu 14349.

MINIMUM: 14044
AVERAGE: 14306
MAXIMUM: 14464

CROSSOVER: 1
MUTATIONS: 2 0
SELECTION: 2
GENERATIONS: 1325
POPULATION: 265

0 time
 37 35 4 34 32 26 50 51 49 48 33 25 27 52 29 31 30 0 1 7 21 39 6 5 10 11 3 2 17 15 40 44 43 46 41 42 47 45 20 24 8 13 14 12 38 36 18 9 16 23 19 28 22 | Mu 12866.

1 time
 42 7 5 50 49 24 21 26 52 48 51 45 43 41 28 29 33 30 32 31 27 25 2 1 3 10 11 34 6 44 23 22 19 8 9 16 37 40 36 38 4 17 15 39 35 18 0 13 12 14 20 47 46 | Mu 13157.

2 time
 7 51 50 48 15 49 52 1 0 4 34 33 30 31 25 28 29 27 3 11 41 47 23 20 39 45 42 5 8 10 38 36 40 37 35 21 24 19 18 16 22 46 43 44 6 9 2 13 12 14 17 32 26 | Mu 13233.

3 time
 11 48 52 50 26 0 36 49 51 30 32 20 24 23 22 19 18 15 27 28 33 43 44 42 46 45 41 35 38 37 39 10 12 34 17 16 47 25 29 7 5 8 6 9 3 14 13 31 21 40 4 1 2 | Mu 14395.

4 time
 3 1 6 9 8 0 16 15 48 25 28 26 7 12 20 35 40 37 38 36 32 31 49 51 52 50 33 30 4 17 11 10 14 5 44 45 41 42 34 18 23 27 29 2 13 21 39 19 22 47 46 43 24 | Mu 14055.

MINIMUM: 12866
AVERAGE: 13541
MAXIMUM: 14395

CROSSOVER: 1
MUTATIONS: 1 2
SELECTION: 2
GENERATIONS: 1325
POPULATION: 265

0 time
 25 3 1 49 51 52 48 15 37 40 38 44 34 30 32 33 31 26 29 27 13 9 50 18 0 8 2 35 36 21 23 11 14 20 39 6 5 41 43 45 42 47 46 7 12 10 4 17 22 19 16 24 28 | Mu 14066.

1 time
 8 5 6 49 51 27 25 26 29 28 20 24 22 18 9 2 0 40 38 35 36 21 7 3 15 32 52 48 50 12 10 14 33 31 30 4 17 23 39 37 1 43 42 44 41 46 45 34 16 11 13 47 19 | Mu 13526.

2 time
 35 27 26 49 48 25 47 42 44 34 5 3 13 15 39 36 10 14 38 40 37 8 2 1 12 11 33 30 0 32 31 29 28 52 50 51 45 41 7 9 17 21 20 24 22 18 16 23 19 6 43 46 4 | Mu 13545.

3 time
 47 46 43 7 49 51 48 28 25 10 52 50 27 5 6 3 0 40 17 35 45 41 20 11 2 8 9 12 36 21 38 44 34 32 31 15 37 19 16 23 29 26 1 14 13 33 30 4 22 42 18 39 24 | Mu 14538.

4 time
 23 47 52 18 5 51 50 49 48 29 28 2 15 37 17 41 8 33 20 26 7 6 10 34 9 0 36 35 40 21 39 38 45 44 22 19 1 43 42 46 3 13 12 11 14 32 31 30 4 25 27 16 24 | Mu 14065.

MINIMUM: 13526
AVERAGE: 13948
MAXIMUM: 14538

CROSSOVER: 2
MUTATIONS: 1 2
SELECTION: 2
GENERATIONS: 1325
POPULATION: 265

0 time
 13 12 11 48 52 49 51 26 25 28 50 45 34 6 7 5 14 10 42 46 47 44 43 41 37 39 18 17 36 38 21 8 3 2 0 35 31 29 33 32 1 4 16 23 22 20 24 27 9 30 40 15 19 | Mu 15325.

1 time
 23 20 8 3 35 21 32 27 25 49 50 48 51 45 43 41 47 42 46 18 19 1 7 6 9 33 22 26 5 52 34 31 28 29 39 36 10 11 12 17 30 0 2 16 15 37 40 38 13 14 24 44 4 | Mu 14748.

2 time
 5 7 51 50 28 27 25 48 49 52 15 32 33 2 17 11 12 37 40 8 6 0 35 36 21 10 38 45 44 41 42 18 19 16 23 9 3 13 34 31 26 29 30 39 4 1 43 46 20 24 22 47 14 | Mu 14054.

3 time
 16 36 38 41 47 45 46 49 52 30 35 44 50 28 26 25 0 2 1 3 7 10 48 29 27 12 14 11 17 23 20 24 22 19 15 21 8 6 5 51 32 33 43 42 34 31 39 40 18 9 13 37 4 | Mu 15599.

4 time
 1 41 43 46 45 44 51 48 50 49 29 28 52 33 0 2 23 47 5 8 9 34 6 7 21 25 26 27 31 30 40 35 36 10 37 39 32 20 18 22 42 3 12 11 13 16 15 38 4 17 14 24 19 | Mu 13993.

MINIMUM: 13993
AVERAGE: 14743
MAXIMUM: 15599

