NAME: ft70 
TYPE: ATSP 
COMMENT: Asymmetric TSP (Fischetti) 
DIMENSION: 70 
EDGE_WEIGHT_TYPE: EXPLICIT 
EDGE_WEIGHT_FORMAT: FULL_MATRIX 

CROSSOVER: 1
MUTATIONS: 1 0
SELECTION: 1
GENERATIONS: 1540
POPULATION: 210

0 time
 5 4 15 47 52 23 26 30 50 17 25 3 60 34 32 8 14 9 22 21 27 24 6 28 35 66 65 37 63 41 38 39 40 36 64 68 69 67 48 31 62 10 7 46 59 2 1 18 19 16 11 43 49 29 12 13 45 58 44 51 53 20 42 55 54 57 0 56 33 61 | Mu 50913.

1 time
 16 69 68 63 67 41 40 42 20 39 51 66 64 38 12 11 10 9 5 27 26 6 60 59 62 57 15 7 28 54 53 3 8 25 13 1 0 4 22 21 24 56 33 32 44 65 48 45 49 47 43 29 30 36 37 35 14 2 31 46 61 58 50 18 19 55 52 23 17 34 | Mu 51812.

2 time
 68 67 57 27 59 9 8 66 65 37 42 41 24 2 4 22 7 6 28 45 43 69 64 63 39 35 36 13 10 14 12 52 46 49 48 16 11 1 38 40 32 29 21 60 34 5 15 23 26 55 51 18 25 3 30 50 53 54 20 17 19 47 33 31 62 58 44 0 61 56 | Mu 51458.

3 time
 11 8 7 14 5 4 39 65 66 64 42 37 6 28 15 10 9 13 12 63 43 29 23 55 54 59 27 26 50 17 25 45 69 67 68 58 21 1 0 33 34 44 48 46 49 32 31 30 41 36 38 35 2 22 24 3 52 51 16 19 18 47 53 60 57 62 61 40 56 20 | Mu 50892.

4 time
 53 51 16 8 12 9 64 68 63 69 67 43 49 47 50 17 20 11 1 5 6 28 27 24 30 39 42 35 38 65 48 45 62 10 7 46 60 57 58 15 23 26 22 3 4 2 33 31 29 25 66 37 54 52 13 59 18 19 55 0 56 41 36 40 32 44 34 14 21 61 | Mu 51918.

MINIMUM: 50892
AVERAGE: 51398
MAXIMUM: 51918

CROSSOVER: 1
MUTATIONS: 2 0
SELECTION: 1
GENERATIONS: 1540
POPULATION: 210

0 time
 63 65 68 69 40 44 67 38 60 57 23 30 37 42 41 55 1 0 15 28 45 43 29 12 11 39 31 66 36 64 48 46 62 8 6 27 22 26 35 14 5 3 52 50 17 13 10 7 20 16 19 51 18 24 56 9 49 32 58 2 4 25 21 33 59 34 61 54 53 47 | Mu 52836.

1 time
 41 36 39 69 67 63 38 35 64 66 55 51 50 18 30 7 8 11 1 45 49 47 33 32 12 3 65 68 58 15 23 26 0 37 40 42 20 5 6 44 59 9 28 54 57 27 24 56 53 25 13 4 29 21 10 14 2 22 46 43 31 60 34 62 61 16 19 17 52 48 | Mu 51147.

2 time
 36 35 65 66 68 58 13 14 8 10 11 2 15 21 27 22 26 33 32 69 48 5 64 42 41 1 60 34 31 50 20 17 45 59 44 63 67 43 28 55 51 46 3 18 30 37 39 24 0 56 52 23 25 12 9 7 38 53 4 54 57 29 6 16 19 47 49 62 61 40 | Mu 52851.

3 time
 39 37 63 65 36 38 13 11 7 5 6 60 58 57 48 0 1 26 2 22 27 25 45 43 67 66 68 35 42 69 46 62 61 44 29 12 15 23 52 21 24 33 32 14 8 4 30 41 40 31 18 19 47 64 16 51 56 55 50 20 17 3 28 54 59 10 9 49 34 53 | Mu 51222.

4 time
 31 30 25 45 43 4 35 39 38 42 41 63 68 64 40 69 66 32 29 23 37 65 0 15 6 2 3 5 1 26 24 33 34 59 10 9 11 12 8 7 13 46 14 18 16 22 55 50 17 54 57 58 27 21 60 48 67 36 28 52 51 53 20 47 62 61 44 49 56 19 | Mu 52552.

MINIMUM: 51147
AVERAGE: 52121
MAXIMUM: 52851

CROSSOVER: 1
MUTATIONS: 1 2
SELECTION: 1
GENERATIONS: 1540
POPULATION: 210

0 time
 3 5 6 64 28 57 38 65 66 68 63 41 7 27 22 25 12 9 13 8 20 18 19 30 69 67 48 49 35 42 24 1 23 52 54 10 46 58 39 36 40 37 59 31 11 43 29 51 53 2 4 26 50 33 15 21 60 34 32 44 47 45 62 61 16 0 56 55 17 14 | Mu 51438.

1 time
 53 2 23 15 1 5 9 8 20 29 22 30 36 38 69 67 63 40 39 64 68 65 41 66 19 18 17 45 48 35 13 56 12 10 14 7 28 52 51 46 62 59 57 44 49 34 31 50 33 32 58 43 60 61 42 55 25 4 54 24 27 26 21 37 6 0 3 11 16 47 | Mu 51606.

2 time
 43 65 67 66 68 63 41 37 40 36 42 15 21 25 12 10 46 1 0 56 22 23 53 26 33 35 39 38 69 58 44 29 8 6 4 45 64 47 55 50 17 16 11 7 20 24 27 52 51 32 31 62 57 30 54 14 9 13 5 3 60 59 2 19 18 28 34 61 48 49 | Mu 51669.

3 time
 14 13 12 8 20 29 69 66 63 67 39 1 0 4 33 31 62 58 26 25 35 15 28 54 10 43 64 36 21 23 55 50 18 7 11 59 60 34 42 38 65 48 68 32 44 27 52 46 45 49 47 51 56 41 40 9 22 24 6 17 5 3 30 37 57 2 53 16 19 61 | Mu 52562.

4 time
 3 38 35 39 41 69 67 64 48 49 32 27 22 66 37 36 11 1 0 21 65 63 68 34 31 15 7 20 18 30 25 45 62 59 57 2 33 9 50 17 8 46 43 28 54 10 12 58 23 52 13 55 53 5 4 26 24 29 56 16 51 42 40 60 44 6 19 47 61 14 | Mu 51830.

MINIMUM: 51438
AVERAGE: 51821
MAXIMUM: 52562

CROSSOVER: 1
MUTATIONS: 1 0
SELECTION: 2
GENERATIONS: 1540
POPULATION: 210

0 time
 8 11 9 26 50 69 64 66 32 30 3 57 58 28 35 42 36 37 38 67 68 63 65 43 29 21 27 24 56 52 25 4 22 23 53 13 10 12 14 7 2 39 51 20 18 31 15 46 44 48 49 47 55 1 0 62 59 60 34 33 5 6 45 17 19 41 40 54 16 61 | Mu 50808.

1 time
 20 30 46 43 66 64 67 69 58 44 48 68 38 36 37 65 63 39 42 28 52 25 7 13 10 14 1 5 45 49 47 23 56 33 31 15 11 8 12 18 19 51 50 17 16 4 26 35 41 24 60 34 29 21 27 59 57 22 6 0 3 55 2 53 54 9 32 62 61 40 | Mu 51014.

2 time
 5 3 8 10 12 7 14 6 60 65 68 69 64 43 66 38 37 35 63 48 67 41 36 13 46 45 11 9 0 27 26 24 28 59 58 22 23 55 51 18 19 25 15 1 4 54 52 42 39 40 44 49 47 33 30 50 17 16 20 57 56 53 21 62 61 32 29 2 31 34 | Mu 51661.

3 time
 21 45 68 65 66 64 37 57 27 23 15 6 0 1 5 30 35 41 69 63 38 36 13 11 8 14 7 18 39 60 2 4 28 26 55 44 67 58 25 22 46 62 61 53 17 3 31 51 33 20 16 19 47 43 49 10 9 59 34 32 29 12 50 52 54 24 56 48 42 40 | Mu 51332.

4 time
 58 48 66 64 65 68 36 69 44 63 43 46 45 27 22 24 33 31 41 67 53 25 13 12 14 10 7 3 5 2 4 26 23 56 54 52 38 35 39 37 40 60 34 32 29 55 51 50 18 30 8 6 0 15 11 59 21 1 20 17 16 19 47 49 9 28 57 42 62 61 | Mu 50653.

MINIMUM: 50653
AVERAGE: 51093
MAXIMUM: 51661

CROSSOVER: 1
MUTATIONS: 2 0
SELECTION: 2
GENERATIONS: 1540
POPULATION: 210

0 time
 60 59 58 44 43 63 65 64 68 69 67 35 42 24 30 15 6 11 8 10 9 66 37 39 40 36 41 57 56 50 18 47 46 62 27 23 25 45 29 26 55 2 1 38 13 14 5 21 28 3 52 22 0 51 20 16 19 17 4 54 53 33 32 12 7 34 31 61 48 49 | Mu 50216.

1 time
 26 33 31 30 36 63 66 39 40 29 69 65 68 35 51 11 8 7 46 62 59 44 48 49 6 16 38 67 64 3 60 27 22 25 5 45 58 2 4 57 23 15 28 52 24 55 13 9 14 20 18 19 41 42 53 37 1 0 56 12 10 43 34 32 21 50 17 54 61 47 | Mu 51887.

2 time
 50 17 22 21 63 64 39 37 65 41 36 69 68 66 40 42 35 7 1 3 60 45 49 47 62 44 48 6 55 2 4 30 29 12 20 15 23 52 25 11 10 9 8 43 67 27 26 28 5 59 58 57 51 46 61 54 53 33 32 38 13 14 18 19 31 34 56 16 0 24 | Mu 51385.

3 time
 36 63 66 65 68 67 69 39 54 57 44 43 29 33 31 51 37 1 0 56 53 38 42 59 58 25 45 49 12 8 11 7 46 62 34 32 30 35 9 64 41 23 15 4 26 13 27 52 28 5 6 2 22 21 3 60 10 14 50 17 16 19 55 20 18 47 48 24 61 40 | Mu 50829.

4 time
 38 41 37 68 66 67 65 64 47 46 48 45 34 23 5 6 28 3 60 27 21 24 2 15 1 25 12 11 9 7 8 14 10 4 35 69 39 63 16 18 19 30 29 22 56 50 33 51 31 58 26 53 52 55 54 59 57 44 43 49 13 20 17 36 42 0 62 61 32 40 | Mu 51198.

MINIMUM: 50216
AVERAGE: 51103
MAXIMUM: 51887

CROSSOVER: 1
MUTATIONS: 1 2
SELECTION: 2
GENERATIONS: 1540
POPULATION: 210

0 time
 44 64 48 49 63 65 69 66 67 38 0 1 60 7 28 54 10 43 68 58 22 46 45 59 57 56 30 41 40 37 8 23 55 25 35 42 39 36 15 5 9 14 13 6 4 2 27 24 12 11 3 50 18 47 53 26 51 29 32 33 31 52 21 20 16 19 17 62 61 34 | Mu 51503.

1 time
 35 38 1 26 28 57 51 50 53 2 33 5 8 4 22 23 24 59 66 63 68 65 64 48 49 13 46 67 69 47 55 16 0 15 27 3 60 10 43 21 54 52 56 58 25 11 30 39 41 42 40 37 6 45 61 9 7 14 12 20 18 31 62 44 34 32 29 19 17 36 | Mu 51475.

2 time
 38 37 39 51 53 43 65 66 67 64 42 36 35 69 68 41 50 16 15 4 2 60 63 46 48 49 47 45 62 58 22 26 24 27 25 23 30 34 32 8 11 5 6 7 13 14 12 9 18 0 28 1 20 17 19 57 44 55 29 21 33 31 52 56 54 10 3 59 61 40 | Mu 51520.

3 time
 18 30 15 28 55 53 26 22 35 39 42 51 52 25 65 68 63 69 66 41 64 40 36 37 67 3 8 6 11 13 10 12 7 1 0 38 43 4 2 27 24 50 16 33 29 9 14 20 17 54 57 44 48 49 47 46 45 61 59 60 34 32 62 31 58 23 21 56 5 19 | Mu 50567.

4 time
 60 14 7 17 15 5 4 25 66 65 67 48 43 64 69 63 35 42 36 39 41 37 40 38 3 46 45 59 9 68 55 51 18 30 50 31 58 27 22 13 28 52 23 21 26 24 12 11 44 34 32 29 54 53 33 10 0 1 2 56 57 8 6 16 19 62 61 20 47 49 | Mu 50791.

MINIMUM: 50567
AVERAGE: 51171
MAXIMUM: 51520

CROSSOVER: 2
MUTATIONS: 1 2
SELECTION: 2
GENERATIONS: 1540
POPULATION: 210

0 time
 40 38 39 69 35 67 64 65 66 48 45 58 56 53 27 63 13 10 9 7 3 31 50 17 1 23 24 33 30 42 41 60 59 43 29 12 8 6 28 54 52 51 20 18 19 55 2 4 22 25 15 0 37 68 36 5 46 62 57 44 49 47 16 11 21 26 61 32 34 14 | Mu 51401.

1 time
 13 20 66 63 69 38 36 39 4 15 21 25 35 37 68 65 58 23 8 14 12 10 7 27 51 50 18 47 1 45 61 9 0 26 55 30 52 46 43 49 11 64 17 22 24 6 59 60 62 57 56 53 3 2 28 54 5 16 19 41 42 40 32 44 48 67 33 31 29 34 | Mu 53209.

2 time
 14 3 28 45 43 34 32 8 13 63 37 67 64 69 68 66 41 40 39 65 36 51 35 11 10 4 38 60 57 31 58 44 22 23 15 5 26 33 30 29 54 52 56 50 20 17 24 6 0 7 18 16 1 25 12 9 27 55 42 46 48 49 47 62 59 21 53 2 19 61 | Mu 52680.

3 time
 57 4 15 11 9 8 43 68 66 58 28 51 42 36 37 64 47 50 18 30 25 7 3 27 22 65 67 69 63 48 49 29 13 60 34 32 62 59 16 23 55 53 35 39 40 45 46 10 20 17 24 6 38 0 1 2 21 56 33 31 41 44 26 52 54 5 14 12 19 61 | Mu 51973.

4 time
 64 66 67 63 48 16 11 7 1 15 4 2 23 52 50 18 31 30 36 39 69 65 3 45 68 58 57 55 42 40 38 35 13 9 14 10 43 34 32 44 49 6 60 22 25 5 46 62 61 41 24 27 21 28 26 54 59 12 8 0 51 33 29 37 17 19 47 53 20 56 | Mu 50697.

MINIMUM: 50697
AVERAGE: 51992
MAXIMUM: 53209

