NAME: ft53 
TYPE: ATSP 
COMMENT: Asymmetric TSP (Fischetti) 
DIMENSION: 53 
EDGE_WEIGHT_TYPE: EXPLICIT 
EDGE_WEIGHT_FORMAT: FULL_MATRIX 

CROSSOVER: 1
MUTATIONS: 1 0
SELECTION: 1
GENERATIONS: 1166
POPULATION: 159

0 time
 8 48 33 30 3 0 40 45 44 34 49 50 51 27 29 25 28 26 16 23 7 9 36 21 22 20 11 13 52 43 41 46 37 18 17 15 35 32 2 10 12 38 42 47 6 5 1 14 39 4 19 31 24 | Mu 15334.

1 time
 11 13 7 6 51 50 49 29 30 17 48 1 35 40 36 12 10 38 37 19 8 52 28 31 25 0 21 22 43 45 42 46 47 41 5 33 27 44 39 4 2 3 34 32 26 9 16 23 20 24 18 15 14 | Mu 16138.

2 time
 37 35 40 27 52 33 31 28 29 2 1 5 6 17 49 51 48 50 30 4 36 10 38 39 32 7 21 24 22 19 16 23 26 25 3 13 11 12 34 15 18 0 9 41 42 46 43 44 45 47 20 8 14 | Mu 14898.

3 time
 5 6 51 28 1 36 49 48 50 31 26 25 27 2 13 12 14 11 15 37 16 20 21 22 0 35 40 45 41 43 44 34 18 19 17 33 30 3 52 29 7 8 9 38 32 42 46 47 23 24 39 10 4 | Mu 14377.

4 time
 16 20 6 52 29 28 25 51 48 49 31 26 27 5 33 7 50 30 0 3 13 17 11 34 37 18 1 35 43 41 32 39 40 38 36 10 12 45 42 46 2 8 9 23 21 24 22 47 44 19 15 4 14 | Mu 15207.

MINIMUM: 14377
AVERAGE: 15190
MAXIMUM: 16138

CROSSOVER: 1
MUTATIONS: 2 0
SELECTION: 1
GENERATIONS: 1166
POPULATION: 159

0 time
 18 5 52 50 1 0 36 37 9 6 49 51 46 41 43 2 13 48 26 7 17 31 33 8 35 21 39 45 3 12 10 20 38 44 22 47 42 28 25 27 29 16 15 40 32 30 4 34 19 11 14 24 23 | Mu 15818.

1 time
 16 21 26 27 48 52 50 29 25 28 30 0 49 9 6 2 15 40 10 12 14 13 34 51 31 3 11 41 44 20 5 35 38 36 45 43 42 46 47 32 33 7 8 17 37 39 4 22 19 18 1 23 24 | Mu 15049.

2 time
 19 15 32 26 27 49 50 48 28 31 29 25 51 47 41 44 45 46 36 40 35 18 1 0 2 16 20 21 6 7 8 33 43 23 11 3 14 12 13 34 30 17 52 42 9 5 10 38 37 39 4 22 24 | Mu 15343.

3 time
 4 6 48 49 51 25 26 12 27 52 50 14 13 11 17 15 40 21 47 44 42 46 5 2 1 3 34 32 33 39 18 8 0 38 45 41 43 7 36 35 37 16 23 20 29 28 30 31 22 19 10 9 24 | Mu 15103.

4 time
 47 44 30 35 36 37 10 8 9 3 0 34 31 26 27 28 48 50 49 51 25 52 29 6 11 1 7 12 16 15 40 38 45 2 17 20 39 32 5 14 43 41 42 46 23 21 22 19 18 33 13 4 24 | Mu 14967.

MINIMUM: 14967
AVERAGE: 15256
MAXIMUM: 15818

CROSSOVER: 1
MUTATIONS: 1 2
SELECTION: 1
GENERATIONS: 1166
POPULATION: 159

0 time
 20 24 22 47 21 27 10 48 49 8 1 36 37 38 42 46 23 39 6 44 34 30 13 11 17 16 3 33 29 26 25 51 52 50 31 32 0 35 18 41 45 43 7 5 9 15 28 2 12 14 40 4 19 | Mu 15388.

1 time
 6 3 17 37 18 19 52 49 48 16 36 39 44 41 51 26 25 27 2 35 20 11 8 10 14 33 28 50 30 1 7 5 13 12 45 42 46 43 0 4 22 21 23 32 31 15 40 38 34 9 29 24 47 | Mu 16427.

2 time
 5 52 50 49 25 26 27 3 0 8 2 10 48 17 31 43 41 46 35 37 38 36 40 21 20 24 23 29 28 51 32 6 9 7 11 12 14 13 16 39 4 1 42 45 34 15 18 33 30 44 47 22 19 | Mu 15365.

3 time
 7 52 50 48 24 20 21 27 29 28 33 41 49 51 26 5 0 3 36 32 30 35 2 31 43 8 14 13 12 38 37 1 11 10 45 34 25 47 46 44 22 16 42 17 15 18 6 9 40 39 4 19 23 | Mu 16037.

4 time
 32 25 5 13 34 49 52 48 33 26 6 50 51 29 21 39 45 43 41 7 1 8 35 40 4 0 3 2 15 36 10 12 20 11 16 37 18 19 9 14 47 46 44 42 28 31 30 17 23 22 27 38 24 | Mu 14926.

MINIMUM: 14926
AVERAGE: 15628
MAXIMUM: 16427

CROSSOVER: 1
MUTATIONS: 1 0
SELECTION: 2
GENERATIONS: 1166
POPULATION: 159

0 time
 23 25 29 5 48 50 51 33 28 26 0 3 1 7 6 9 10 16 49 52 27 47 34 37 18 32 20 21 39 35 38 4 2 41 43 46 45 44 22 19 17 15 8 31 30 36 14 13 11 12 42 40 24 | Mu 14615.

1 time
 0 36 21 23 29 27 26 7 6 51 50 48 28 31 41 43 49 52 33 30 35 37 32 3 1 5 11 13 10 40 18 17 16 15 45 42 34 9 12 38 4 20 39 8 14 25 47 46 44 22 19 2 24 | Mu 14659.

2 time
 5 48 49 24 0 40 43 45 42 46 34 37 35 36 21 20 26 52 51 50 31 25 27 28 3 17 15 38 10 41 47 44 23 32 33 30 7 1 9 6 13 12 14 29 8 2 16 11 4 19 39 22 18 | Mu 14158.

3 time
 17 23 27 29 52 51 48 49 28 25 15 36 37 45 46 44 47 41 43 7 50 30 0 34 26 6 10 14 12 42 16 3 13 8 5 9 31 33 2 20 11 35 38 1 40 21 39 32 4 22 19 18 24 | Mu 14899.

4 time
 39 40 37 6 5 1 0 8 9 51 28 31 25 7 21 11 17 15 49 48 52 29 26 27 2 36 35 38 43 41 44 42 18 16 23 20 32 33 3 12 13 14 10 50 30 4 34 19 22 46 45 47 24 | Mu 14975.

MINIMUM: 14158
AVERAGE: 14661
MAXIMUM: 14975

CROSSOVER: 1
MUTATIONS: 2 0
SELECTION: 2
GENERATIONS: 1166
POPULATION: 159

0 time
 7 51 52 50 48 17 31 28 27 26 10 35 18 41 42 45 3 36 21 49 29 25 1 2 16 37 15 9 8 6 33 20 40 38 44 5 0 32 39 19 11 12 14 13 43 47 46 34 30 4 22 23 24 | Mu 15231.

1 time
 35 45 32 30 10 49 50 48 52 33 26 27 3 1 41 44 46 0 12 36 31 25 28 39 40 37 38 4 8 16 13 34 5 11 15 21 24 17 23 20 22 19 18 6 51 42 43 47 7 9 29 2 14 | Mu 14857.

2 time
 44 23 37 39 38 42 7 12 13 10 41 50 52 48 49 51 33 0 2 3 1 8 6 5 31 20 21 27 17 11 14 16 36 32 26 25 29 28 30 4 9 34 19 15 35 45 43 46 40 18 22 47 24 | Mu 14113.

3 time
 41 37 36 49 50 51 52 31 30 45 44 42 48 27 26 29 3 2 17 11 1 0 10 13 34 32 28 20 21 22 46 35 4 8 12 14 6 5 33 25 7 15 39 38 40 18 16 23 9 43 47 19 24 | Mu 15295.

4 time
 45 52 29 27 51 25 28 9 5 50 48 49 26 2 13 33 43 46 34 31 42 41 44 47 0 32 30 3 11 14 21 24 22 19 18 7 6 1 8 10 35 37 36 40 38 4 16 15 39 17 23 20 12 | Mu 14797.

MINIMUM: 14113
AVERAGE: 14858
MAXIMUM: 15295

CROSSOVER: 1
MUTATIONS: 1 2
SELECTION: 2
GENERATIONS: 1166
POPULATION: 159

0 time
 0 3 17 11 1 41 42 45 49 26 27 15 35 18 28 48 50 52 51 31 21 22 47 34 29 25 12 14 39 40 36 4 2 8 7 6 5 13 9 33 20 24 23 19 37 32 30 10 38 44 43 46 16 | Mu 14255.

1 time
 27 3 17 16 37 35 45 42 5 49 48 18 19 8 50 51 52 29 7 6 2 1 41 43 46 0 4 22 47 10 12 14 13 34 9 33 30 40 36 38 32 31 25 28 26 15 39 21 20 11 23 24 44 | Mu 13827.

2 time
 1 8 9 5 48 49 52 50 33 27 29 26 17 16 23 20 6 7 51 30 3 13 12 38 45 21 37 39 32 31 28 35 40 36 41 47 46 43 44 22 18 15 10 42 34 25 2 0 4 11 14 24 19 | Mu 13202.

3 time
 43 20 8 7 49 48 29 27 26 25 2 0 16 11 15 18 33 32 28 52 50 51 22 17 44 34 31 6 5 9 12 38 37 35 45 40 3 13 10 14 21 39 36 41 47 46 42 23 24 19 1 4 30 | Mu 14638.

4 time
 39 37 17 31 26 10 52 50 27 0 36 32 30 48 51 49 29 28 21 20 6 5 7 3 2 4 13 12 38 35 42 45 41 43 47 34 25 1 16 15 40 44 46 23 22 8 9 33 11 14 24 19 18 | Mu 14441.

MINIMUM: 13202
AVERAGE: 14072
MAXIMUM: 14638

CROSSOVER: 2
MUTATIONS: 1 2
SELECTION: 2
GENERATIONS: 1166
POPULATION: 159

0 time
 36 51 48 24 19 18 15 49 52 50 33 26 7 21 42 44 22 45 41 43 47 34 32 27 25 29 30 35 39 40 6 3 0 1 4 8 2 17 11 14 12 13 9 31 28 38 37 16 20 5 23 10 46 | Mu 15313.

1 time
 11 48 51 52 27 2 33 31 26 50 49 29 30 36 4 43 44 34 10 14 17 20 25 28 5 9 8 7 0 35 40 42 45 41 47 23 22 18 1 6 12 13 15 39 37 38 32 21 3 16 19 46 24 | Mu 15433.

2 time
 22 19 27 41 44 37 32 30 35 21 10 48 49 25 26 28 52 51 31 43 42 45 34 17 13 11 2 16 20 8 9 3 1 6 7 5 50 29 33 0 36 40 38 4 47 46 12 14 15 39 18 23 24 | Mu 14699.

3 time
 34 50 49 48 29 2 6 8 5 33 31 26 27 41 28 25 52 51 44 46 42 20 22 21 16 38 43 32 35 40 36 15 18 17 10 14 12 11 3 9 13 0 4 1 7 30 37 19 23 39 47 45 24 | Mu 15611.

4 time
 43 48 49 52 26 10 2 17 3 11 14 12 44 21 20 38 35 45 7 33 30 32 51 50 25 47 41 46 34 5 16 15 40 37 18 1 6 8 13 9 31 27 29 0 4 22 42 28 39 36 19 23 24 | Mu 15696.

MINIMUM: 14699
AVERAGE: 15350
MAXIMUM: 15696

