NAME: ft53 
TYPE: ATSP 
COMMENT: Asymmetric TSP (Fischetti) 
DIMENSION: 53 
EDGE_WEIGHT_TYPE: EXPLICIT 
EDGE_WEIGHT_FORMAT: FULL_MATRIX 

CROSSOVER: 1
MUTATIONS: 1 2
SELECTION: 2
GENERATIONS: 1590
POPULATION: 265

0 time
 16 52 49 25 27 28 48 17 15 36 35 32 30 0 2 13 10 11 33 26 12 38 37 40 21 7 6 5 8 3 1 9 41 42 43 44 34 31 29 50 51 46 47 22 20 39 4 18 23 19 14 45 24 | Mu 14588.

1 time
 28 50 49 52 48 26 29 25 0 32 31 33 43 18 8 9 11 12 10 20 36 4 1 3 34 51 30 40 38 2 16 35 21 5 6 44 41 47 42 46 45 23 27 13 15 37 17 14 39 19 7 22 24 | Mu 14539.

2 time
 36 10 13 12 38 37 39 45 41 42 5 7 9 50 48 51 49 31 28 52 44 43 47 34 26 6 8 14 17 15 35 4 22 21 20 24 19 18 11 16 23 27 2 0 3 40 32 30 33 25 29 1 46 | Mu 14072.

3 time
 4 17 20 11 14 13 9 6 31 28 25 5 52 50 48 49 51 45 42 44 34 30 12 41 47 46 35 40 21 24 22 19 1 2 0 36 10 27 33 43 7 8 16 23 32 26 29 3 15 37 18 38 39 | Mu 13236.

4 time
 8 3 41 47 20 25 27 48 52 50 49 23 39 32 33 28 11 17 16 37 18 1 7 44 42 45 34 6 5 51 26 29 21 9 2 36 35 40 43 46 22 19 0 4 13 10 14 12 38 31 30 15 24 | Mu 14412.

5 time
 39 21 11 49 48 52 51 43 41 47 25 26 27 50 33 32 31 29 3 35 40 18 17 30 2 0 8 5 6 9 13 15 19 16 20 7 44 34 10 12 14 45 42 46 38 36 4 1 37 23 22 28 24 | Mu 14166.

6 time
 8 33 27 52 49 51 29 2 36 10 11 37 21 39 4 34 50 31 6 5 35 26 25 47 46 43 42 41 48 28 24 18 17 16 15 40 32 30 13 20 9 7 12 14 38 45 0 3 1 44 23 22 19 | Mu 14792.

7 time
 50 48 31 26 51 52 30 33 25 2 17 11 34 32 21 20 39 4 49 27 29 28 7 8 6 0 35 40 37 1 13 12 10 38 43 41 47 18 15 36 44 42 46 45 3 16 23 22 19 9 5 14 24 | Mu 14717.

8 time
 14 34 30 40 36 21 20 8 51 26 29 28 52 49 48 50 27 0 3 13 15 37 35 45 46 32 6 44 43 7 5 9 33 31 25 2 16 11 38 42 47 41 22 19 18 17 23 39 10 12 4 1 24 | Mu 13774.

9 time
 14 36 32 31 3 10 50 27 49 52 26 1 7 9 6 0 48 51 25 29 28 21 11 34 33 30 17 37 35 39 38 4 22 19 16 15 18 5 8 2 20 23 47 42 41 43 45 46 40 44 24 13 12 | Mu 14968.

10 time
 21 27 49 51 48 28 50 52 25 26 7 6 9 0 36 38 40 4 34 18 17 31 30 10 11 2 33 20 37 32 29 3 12 14 41 43 42 44 45 46 5 8 1 13 23 19 16 15 35 39 22 47 24 | Mu 13772.

11 time
 41 43 45 32 30 33 25 50 52 26 27 28 48 49 29 35 38 36 10 20 21 11 12 14 8 6 7 5 9 17 16 15 51 47 42 44 39 37 18 1 2 13 0 40 19 23 24 46 34 31 3 4 22 | Mu 14122.

12 time
 0 1 35 37 39 40 36 49 48 28 25 51 50 52 26 29 27 5 8 3 10 14 43 42 47 44 41 45 34 33 30 4 11 12 32 31 20 6 13 38 2 15 21 9 7 17 16 23 22 18 19 46 24 | Mu 13641.

13 time
 42 41 34 32 52 28 26 0 35 40 18 1 5 13 12 14 10 3 17 15 51 48 50 49 29 27 6 8 9 7 16 22 21 20 39 37 38 4 2 36 45 44 43 25 33 31 30 19 23 11 47 46 24 | Mu 13895.

14 time
 26 27 25 28 24 6 9 8 7 21 10 14 15 50 52 51 49 48 30 33 5 3 36 41 42 46 23 39 38 4 17 16 37 18 19 20 12 11 0 1 2 32 13 34 35 40 45 43 44 47 22 29 31 | Mu 13984.

15 time
 30 0 35 49 51 33 21 37 36 31 5 8 7 9 6 48 52 50 25 3 11 10 41 46 34 32 29 39 4 2 17 15 18 23 20 26 1 42 47 44 22 27 28 24 19 43 45 13 14 12 38 40 16 | Mu 14839.

16 time
 50 29 28 26 27 7 5 3 0 2 17 16 51 25 52 49 48 22 42 41 32 39 6 8 1 36 35 40 45 34 31 30 12 11 10 14 13 15 18 9 33 46 44 43 47 23 21 20 24 19 37 38 4 | Mu 14151.

17 time
 22 42 47 46 49 41 44 32 31 25 28 50 26 27 29 30 1 0 3 2 17 33 43 34 52 48 51 45 7 5 9 8 6 12 14 16 20 36 10 11 15 35 18 19 23 24 21 39 37 40 38 4 13 | Mu 13691.

18 time
 2 17 22 19 36 41 7 5 8 9 6 49 50 11 10 48 52 51 31 27 26 0 3 1 13 14 34 35 40 37 32 33 30 4 21 20 39 38 45 42 46 44 43 23 25 29 28 16 12 15 18 47 24 | Mu 13955.

19 time
 17 37 35 21 26 50 52 51 28 29 31 30 2 0 1 8 33 25 27 49 48 24 20 40 32 43 44 42 47 6 9 7 12 38 36 10 11 14 34 5 13 16 15 18 19 41 46 45 23 22 39 4 3 | Mu 13677.

20 time
 38 10 35 21 23 22 20 9 33 26 27 7 0 3 12 41 28 1 43 47 52 51 50 49 48 29 5 2 15 19 18 11 14 13 17 16 40 36 39 37 45 6 31 25 42 46 44 34 8 32 30 4 24 | Mu 14446.

21 time
 16 23 22 49 48 28 50 51 29 25 1 2 36 37 35 38 42 43 45 41 47 46 34 26 0 4 8 6 7 5 52 33 30 40 32 15 18 19 9 31 21 11 3 17 20 39 10 12 13 14 27 44 24 | Mu 14431.

22 time
 21 19 17 27 15 1 8 5 0 32 31 39 38 37 40 35 36 45 44 41 43 42 7 51 48 50 49 33 26 28 25 6 9 13 16 52 29 3 12 18 20 11 2 4 10 14 47 46 34 30 22 23 24 | Mu 14040.

23 time
 0 36 25 52 50 49 48 31 26 1 5 7 51 20 41 44 29 27 28 33 6 2 15 35 21 23 45 47 46 43 42 34 40 38 37 18 19 8 9 13 11 10 12 3 14 17 16 22 39 32 30 4 24 | Mu 14786.

24 time
 4 1 9 8 5 6 51 49 50 52 48 27 28 21 26 29 33 43 44 41 42 35 19 16 15 39 38 40 37 10 12 20 25 7 3 0 36 31 45 32 30 2 14 13 11 34 17 23 22 47 46 18 24 | Mu 13805.

25 time
 36 39 32 21 20 38 43 45 41 52 49 50 51 48 29 26 5 9 7 0 40 37 19 15 18 16 1 3 10 34 13 6 33 31 28 25 27 44 42 47 17 35 4 2 8 12 14 24 22 46 11 23 30 | Mu 14087.

26 time
 15 48 30 35 37 40 36 21 23 6 9 8 2 0 17 31 26 12 4 25 28 29 50 49 52 51 33 32 43 46 18 7 14 11 3 13 34 27 47 42 41 5 1 10 20 39 38 45 44 22 19 16 24 | Mu 14691.

27 time
 27 44 41 7 6 0 13 12 21 32 43 47 42 49 28 52 48 51 50 26 25 29 33 2 1 8 5 17 11 10 35 37 16 15 18 19 9 3 38 4 34 31 30 39 40 45 46 23 22 20 24 36 14 | Mu 14315.

28 time
 23 25 3 13 33 28 52 49 51 50 48 45 7 8 9 5 0 32 30 31 27 42 44 34 26 16 20 39 36 35 37 38 21 19 18 15 4 41 6 1 43 46 47 29 2 17 11 12 14 10 40 22 24 | Mu 14429.

29 time
 11 12 10 34 49 52 48 27 29 13 3 5 6 0 38 40 35 39 21 24 22 19 15 18 17 16 37 32 33 30 26 28 8 9 7 51 50 31 25 20 2 23 44 43 42 41 46 47 45 1 36 4 14 | Mu 13817.

30 time
 17 16 20 6 44 35 48 49 50 52 51 33 25 28 9 8 12 14 38 37 36 21 27 0 41 34 32 30 31 7 2 1 3 40 18 19 11 13 10 4 15 26 29 24 23 22 47 42 43 45 46 5 39 | Mu 14220.

31 time
 9 7 49 26 2 17 16 3 13 10 11 0 4 22 43 35 37 40 32 30 31 33 20 21 38 44 34 50 48 24 27 25 29 1 8 41 42 28 52 47 45 46 23 39 6 5 51 19 18 15 36 12 14 | Mu 15434.

32 time
 0 21 23 26 27 29 52 50 48 25 51 49 41 5 8 3 10 38 45 43 7 9 12 17 16 6 31 22 19 28 20 36 35 37 40 4 2 1 14 13 11 34 32 33 30 15 18 47 44 42 46 39 24 | Mu 14214.

33 time
 5 50 48 52 49 51 25 10 38 44 27 28 11 1 41 42 43 32 31 30 2 0 36 37 39 26 6 16 12 13 14 34 40 4 33 21 20 29 3 17 15 35 45 7 8 9 23 22 47 46 18 19 24 | Mu 14511.

34 time
 10 49 52 51 48 29 25 28 50 27 1 0 35 36 21 26 3 17 15 18 8 6 9 12 11 41 47 42 43 7 44 34 32 30 33 20 24 22 46 45 5 2 16 37 38 4 19 13 14 39 40 31 23 | Mu 13796.

35 time
 32 27 28 49 51 26 29 52 48 24 0 13 17 31 21 25 1 6 9 5 50 8 3 14 12 10 20 39 40 36 35 45 42 43 41 47 46 44 23 11 34 30 2 15 37 38 4 16 22 19 18 33 7 | Mu 14606.

36 time
 46 43 45 23 20 8 0 32 26 27 47 6 31 41 42 49 22 19 16 51 52 50 48 29 25 28 30 2 35 40 4 1 5 9 7 3 12 14 13 38 44 34 33 39 36 10 11 15 37 18 17 21 24 | Mu 14047.

37 time
 37 27 3 2 33 26 25 28 48 18 10 11 13 9 8 7 6 0 4 34 52 29 31 30 12 38 41 47 50 49 51 44 46 42 17 16 32 43 5 1 14 20 21 39 40 36 35 45 22 19 15 23 24 | Mu 15022.

38 time
 41 47 44 42 34 52 51 48 49 50 29 31 6 28 25 16 11 0 36 40 32 5 9 33 30 35 27 3 17 20 21 8 13 10 1 15 38 43 46 45 7 14 12 37 18 23 19 2 4 26 22 39 24 | Mu 14720.

39 time
 41 44 32 7 48 52 50 51 26 27 25 31 29 49 23 21 37 18 17 10 38 40 39 36 15 19 28 3 2 11 12 14 35 43 45 34 33 30 0 1 13 8 5 6 9 16 24 20 22 42 47 46 4 | Mu 14556.

40 time
 37 35 36 49 28 0 3 2 1 8 7 5 10 11 48 51 50 52 33 30 4 25 26 27 29 16 41 42 46 45 44 43 32 31 20 24 23 18 6 9 13 15 38 34 19 21 40 39 17 12 14 47 22 | Mu 13933.

41 time
 32 33 31 28 52 49 48 7 3 8 50 51 43 5 0 38 42 41 22 21 29 26 27 25 6 1 9 2 16 15 35 36 37 40 4 34 30 17 20 39 10 11 12 14 13 45 44 46 47 23 19 18 24 | Mu 14180.

42 time
 47 26 15 37 18 19 17 16 11 12 14 38 42 46 43 51 28 20 8 6 2 1 0 3 13 52 48 49 50 29 27 7 5 10 36 35 45 32 33 41 21 22 34 30 25 44 23 24 39 40 4 9 31 | Mu 15081.

43 time
 30 31 27 28 48 52 49 50 29 3 8 0 12 13 16 37 40 32 43 45 34 51 44 46 42 41 47 23 21 22 20 25 26 7 33 6 5 9 17 15 36 10 11 14 38 35 39 18 1 2 4 19 24 | Mu 14460.

44 time
 2 0 35 38 32 26 49 52 48 7 33 31 43 47 3 12 14 11 23 21 20 25 27 46 45 41 5 50 51 29 28 6 9 13 17 16 36 40 37 18 15 39 42 34 30 1 10 8 4 22 19 44 24 | Mu 14889.

45 time
 32 6 50 51 48 27 0 3 49 52 33 31 25 7 5 17 23 8 15 18 37 40 45 44 47 42 34 26 29 28 21 20 36 35 38 41 43 46 1 12 14 11 13 16 10 4 2 9 30 22 19 39 24 | Mu 14731.

46 time
 18 8 9 48 50 52 49 51 30 33 31 29 21 25 28 26 7 6 0 35 38 10 37 40 36 20 39 27 16 23 24 22 19 41 34 5 3 1 32 43 45 44 42 47 46 2 17 15 11 13 12 14 4 | Mu 13479.

47 time
 28 51 48 52 29 25 27 3 0 36 15 1 8 10 45 42 37 18 21 26 5 50 49 31 33 30 12 11 14 17 20 22 47 41 43 7 6 9 2 16 40 32 39 38 35 4 19 13 23 24 44 34 46 | Mu 14679.

48 time
 11 3 0 49 50 51 48 29 25 7 5 52 28 27 33 26 17 16 34 32 30 31 21 39 38 45 44 41 37 36 43 35 10 12 40 4 1 8 6 13 14 15 9 23 20 24 22 47 46 42 18 19 2 | Mu 13722.

49 time
 3 2 1 49 52 50 51 46 34 37 17 16 48 29 20 36 32 31 28 25 27 26 5 8 6 7 0 40 21 24 23 22 42 43 45 41 47 44 11 10 12 13 15 19 33 30 35 39 18 9 14 38 4 | Mu 12793.

MINIMUM: 12793
AVERAGE: 14258
MAXIMUM: 18219

CROSSOVER: 2
MUTATIONS: 1 2
SELECTION: 2
GENERATIONS: 1590
POPULATION: 265

0 time
 16 48 50 33 27 29 28 25 49 24 23 8 5 17 31 26 2 11 15 21 39 6 44 52 51 45 43 47 32 41 37 36 10 13 12 14 38 35 18 19 1 3 0 4 9 7 20 22 42 46 34 30 40 | Mu 15155.

1 time
 47 44 34 48 26 8 9 5 7 51 52 31 28 50 49 30 1 36 37 18 15 32 33 29 27 46 45 3 13 12 16 22 42 41 23 39 20 11 0 40 38 4 2 17 10 14 35 24 21 6 43 19 25 | Mu 15503.

2 time
 46 47 42 45 49 51 52 50 48 18 16 32 26 3 17 20 24 22 0 13 6 31 41 44 5 11 1 9 2 37 40 4 8 7 14 27 25 29 28 33 30 38 36 35 21 23 19 15 39 10 12 34 43 | Mu 14077.

3 time
 46 43 41 51 48 49 25 27 29 30 36 37 8 3 13 12 10 38 4 1 42 47 45 44 32 28 31 39 35 40 17 16 11 14 20 9 33 26 50 52 34 18 7 5 15 21 22 0 2 6 23 19 24 | Mu 14753.

4 time
 13 17 16 20 21 8 3 36 35 49 50 51 34 48 18 19 15 40 41 44 47 28 52 25 26 5 6 1 2 11 37 27 29 31 43 42 7 12 45 46 38 32 33 30 0 4 22 39 10 14 9 23 24 | Mu 15507.

5 time
 21 20 5 51 48 49 29 28 25 3 10 11 0 35 40 36 4 34 30 2 33 32 52 50 27 46 7 44 43 42 41 47 37 17 31 26 16 15 38 1 9 8 6 13 39 19 18 12 14 45 23 22 24 | Mu 13443.

6 time
 7 51 52 50 48 27 29 3 12 17 15 39 35 21 9 5 8 13 10 41 42 45 34 49 26 2 0 37 32 31 33 28 25 1 47 44 6 30 43 46 18 36 4 20 22 16 24 23 38 19 11 14 40 | Mu 14863.

7 time
 27 26 49 50 48 25 2 0 13 16 51 34 52 33 5 9 7 6 44 41 3 8 17 37 35 38 36 19 28 30 40 21 24 32 39 4 22 47 46 43 45 42 23 20 11 1 10 12 14 15 18 31 29 | Mu 15307.

8 time
 12 11 2 33 30 32 31 25 26 1 3 14 15 50 49 52 29 16 27 51 48 17 35 37 39 6 0 4 41 44 46 43 42 34 5 8 9 13 10 36 20 21 22 18 28 40 45 7 38 19 23 47 24 | Mu 15142.

9 time
 23 0 4 41 43 46 34 52 48 50 27 29 25 28 49 32 5 51 42 45 20 8 9 6 33 30 35 39 26 7 13 11 2 17 31 3 12 38 44 37 36 40 21 22 47 1 10 14 16 15 18 19 24 | Mu 15089.

10 time
 25 52 49 50 48 29 1 2 15 19 18 8 9 33 26 27 0 11 16 10 41 34 32 22 47 45 46 51 44 43 7 6 21 39 40 36 35 37 38 42 28 31 30 20 24 3 13 12 14 17 23 5 4 | Mu 14668.

11 time
 45 47 41 28 29 39 18 19 25 52 50 49 51 26 2 17 15 37 35 40 32 7 8 9 0 3 33 30 13 12 38 10 36 21 27 5 14 11 48 31 43 46 42 44 23 20 1 16 22 34 6 4 24 | Mu 15662.

12 time
 35 39 36 48 24 32 31 27 50 52 49 51 29 7 8 3 2 33 28 11 10 45 34 17 0 12 38 41 47 46 43 44 42 5 14 20 26 25 15 37 40 21 9 1 6 16 23 22 19 18 13 4 30 | Mu 15001.

13 time
 19 17 15 48 49 50 52 30 0 4 1 6 51 33 31 25 26 34 10 16 27 47 44 45 46 7 5 12 35 37 18 9 2 3 32 20 21 22 39 36 40 38 42 41 43 23 8 13 11 14 29 28 24 | Mu 13952.

14 time
 37 18 25 48 50 49 52 51 29 27 47 32 31 30 36 21 11 10 45 7 8 5 35 40 39 17 15 26 3 41 43 42 46 44 22 0 38 4 1 6 9 2 33 16 13 14 12 20 23 19 28 34 24 | Mu 14290.

15 time
 9 8 6 50 52 48 27 28 49 32 30 33 31 21 20 26 51 45 42 44 41 3 10 12 14 11 13 37 38 35 43 46 7 0 2 16 22 19 15 36 40 39 4 1 5 34 29 25 47 23 24 18 17 | Mu 14980.

16 time
 37 32 27 50 52 49 30 17 51 48 33 3 13 14 20 39 6 8 0 36 35 18 41 42 34 31 21 9 38 45 46 5 7 2 10 4 25 29 28 26 1 43 44 47 23 22 19 15 40 16 12 11 24 | Mu 15211.

17 time
 41 47 42 45 48 52 25 27 2 31 26 29 50 0 4 3 6 9 7 5 8 12 38 34 30 49 51 20 39 32 28 40 36 18 16 15 35 37 17 33 21 11 10 14 13 23 22 44 43 46 1 19 24 | Mu 15685.

18 time
 20 39 37 40 43 47 42 46 44 1 51 50 48 29 49 28 25 3 13 11 10 36 35 38 2 17 16 22 19 15 26 0 4 34 31 30 27 52 33 6 9 7 5 32 21 23 24 18 8 12 14 41 45 | Mu 14476.

19 time
 30 33 31 25 48 49 17 10 2 36 27 29 26 52 51 50 18 19 15 40 39 6 7 8 5 41 43 42 45 44 32 21 24 23 20 22 1 35 38 37 0 11 3 16 34 9 12 13 14 47 46 28 4 | Mu 15128.

20 time
 35 32 26 27 29 50 49 48 17 16 15 36 42 0 1 41 45 2 52 31 33 21 20 6 9 5 8 51 24 23 22 44 7 12 11 10 38 40 39 43 46 25 28 13 3 14 34 30 4 47 37 18 19 | Mu 15276.

21 time
 34 33 32 21 23 22 20 39 38 36 10 52 51 50 44 49 25 26 29 28 48 16 37 27 2 3 1 13 6 5 8 12 14 45 42 41 7 9 31 30 4 15 17 11 0 35 18 19 43 46 47 40 24 | Mu 15199.

22 time
 43 46 45 6 5 51 50 29 25 27 41 49 48 52 1 4 26 7 8 2 10 13 32 33 31 30 37 17 24 0 35 21 22 42 34 9 11 3 15 36 39 38 18 19 28 20 40 44 23 47 12 14 16 | Mu 14620.

23 time
 18 19 1 3 13 14 41 52 49 50 48 26 29 0 36 21 38 45 44 32 27 51 25 7 6 5 8 16 11 12 34 31 20 24 23 35 4 17 33 43 42 47 28 30 2 15 39 40 10 9 37 22 46 | Mu 14936.

24 time
 1 3 49 50 33 0 32 26 7 13 48 52 51 42 41 47 28 21 8 9 10 38 44 45 43 2 12 36 40 27 25 29 17 15 35 39 6 5 14 11 4 34 31 30 37 18 23 20 24 22 19 16 46 | Mu 14563.

25 time
 11 12 38 19 33 31 25 27 26 49 48 50 14 21 23 20 13 17 15 18 16 35 37 10 0 40 45 41 44 47 7 52 51 28 6 9 5 1 42 3 43 46 34 32 30 4 8 36 2 22 29 39 24 | Mu 15007.

26 time
 27 32 26 7 51 41 42 31 25 48 28 39 9 11 0 3 10 33 20 21 29 52 50 49 23 47 44 45 43 46 34 18 16 15 37 40 36 35 8 5 6 12 14 38 4 1 17 22 19 30 2 13 24 | Mu 16476.

27 time
 33 52 48 51 29 28 50 49 25 26 3 10 20 35 37 38 40 27 2 0 13 34 30 12 41 42 47 23 32 7 5 15 36 31 6 8 9 16 43 44 46 45 21 11 1 39 18 17 14 4 22 19 24 | Mu 15311.

28 time
 9 7 17 15 3 0 37 39 46 42 43 49 48 50 30 20 38 35 18 6 5 52 51 1 8 12 36 40 32 26 28 25 27 29 31 33 2 23 47 41 45 44 19 16 13 21 22 24 34 10 14 11 4 | Mu 14656.

29 time
 24 27 29 26 25 48 52 50 28 3 0 1 8 9 7 13 11 16 20 6 49 33 30 39 18 15 35 40 38 36 21 5 2 37 19 23 32 31 51 42 17 22 47 46 43 45 41 34 10 12 14 4 44 | Mu 14746.

30 time
 38 42 43 34 50 33 27 25 28 7 9 51 48 49 41 47 15 37 35 40 18 31 29 21 39 45 46 52 26 1 6 5 8 2 17 36 32 30 0 4 22 19 3 13 12 14 20 11 10 16 24 23 44 | Mu 14674.

31 time
 46 45 43 41 47 5 0 32 33 31 27 26 28 52 50 51 49 48 29 7 6 3 16 17 11 13 34 37 36 35 38 8 2 25 9 14 20 22 21 39 44 24 10 23 1 4 15 19 18 12 40 30 42 | Mu 14328.

32 time
 11 5 50 33 31 25 29 26 49 51 44 48 52 32 13 12 38 36 40 27 42 47 43 41 46 28 35 45 3 1 0 10 37 16 23 20 39 21 9 7 6 8 17 22 19 18 2 15 4 34 30 14 24 | Mu 15234.

33 time
 1 3 0 36 32 33 52 48 29 7 21 22 34 30 12 35 37 40 45 47 46 49 25 27 28 26 51 50 18 15 38 4 41 43 5 10 14 16 20 8 6 9 31 42 44 23 11 2 13 17 39 19 24 | Mu 15374.

34 time
 7 50 48 49 52 51 45 0 21 26 3 2 11 10 8 9 33 31 30 15 19 25 17 41 43 46 40 38 4 22 42 47 32 44 34 6 13 12 14 39 36 37 35 27 28 5 1 20 24 23 18 16 29 | Mu 14442.

35 time
 43 34 48 50 31 27 29 3 6 9 52 49 26 0 2 14 20 25 28 33 30 17 16 15 37 40 36 35 10 12 45 32 21 22 42 41 44 47 46 51 7 5 8 1 13 38 18 19 23 39 4 11 24 | Mu 15441.

36 time
 12 36 40 37 17 49 51 48 28 20 23 22 46 52 26 29 27 50 18 1 7 8 6 5 3 2 11 0 4 47 44 43 42 45 34 31 39 35 38 25 15 32 33 30 10 14 13 16 41 9 21 24 19 | Mu 15354.

37 time
 35 49 51 33 27 28 52 26 2 16 20 11 15 39 6 31 0 13 48 50 18 3 10 38 45 42 46 43 41 44 34 30 4 1 12 14 36 32 29 25 7 5 9 8 17 23 22 21 24 47 37 40 19 | Mu 14710.

38 time
 13 17 16 49 52 48 27 25 29 50 28 33 31 26 0 10 51 9 5 6 36 21 24 20 39 1 8 7 2 11 34 15 35 37 40 44 43 32 30 4 22 47 23 42 46 45 41 18 19 3 12 14 38 | Mu 15038.

39 time
 11 10 38 3 0 17 21 40 32 25 13 48 50 33 27 47 44 34 30 41 45 20 29 26 28 52 49 51 42 43 46 39 35 4 2 8 6 5 7 12 36 18 37 15 19 1 14 16 23 9 31 22 24 | Mu 15086.

40 time
 32 30 38 35 27 26 2 3 36 41 6 51 48 49 52 29 28 5 13 11 16 50 14 12 45 44 43 47 34 9 31 33 25 15 37 40 18 0 4 17 20 39 21 23 22 19 8 7 10 1 42 46 24 | Mu 14619.

41 time
 47 48 52 50 26 25 28 51 1 13 14 12 41 43 34 30 4 3 11 2 17 15 40 38 32 31 33 45 46 44 49 29 20 8 9 5 7 21 24 0 10 36 37 39 35 18 16 23 22 19 27 6 42 | Mu 14527.

42 time
 6 2 49 52 48 27 26 3 10 41 42 7 51 31 32 29 28 25 5 12 38 35 18 17 33 30 0 37 36 40 45 34 50 14 11 8 1 43 44 46 47 23 20 21 22 19 16 15 39 4 9 13 24 | Mu 14795.

43 time
 37 49 33 30 1 3 17 41 42 7 9 48 25 51 50 32 31 6 44 46 43 34 27 28 26 52 29 5 13 11 2 8 36 39 35 38 10 14 12 16 23 47 45 22 20 0 4 15 40 21 24 19 18 | Mu 16425.

44 time
 13 6 51 49 52 48 33 24 18 16 15 37 1 9 5 3 10 11 0 32 30 8 50 27 26 12 35 40 38 4 25 28 7 2 36 45 42 43 41 23 21 20 22 19 17 31 29 39 34 14 47 44 46 | Mu 14945.

45 time
 52 48 29 21 27 0 36 17 49 51 50 30 3 11 33 31 26 15 37 18 16 20 6 12 45 42 47 41 46 43 44 34 25 2 23 35 32 28 24 22 8 9 1 5 7 13 10 14 4 19 40 39 38 | Mu 15413.

46 time
 43 41 47 25 49 48 52 50 17 16 35 36 44 42 45 34 51 27 26 12 13 5 6 9 1 15 37 18 8 7 33 31 30 0 4 2 11 3 32 29 28 21 20 38 10 46 40 39 19 23 22 24 14 | Mu 14130.

47 time
 12 14 41 46 42 49 29 48 52 51 50 25 7 9 8 36 32 20 40 10 13 38 39 6 3 2 17 33 30 37 1 35 26 0 34 31 43 45 47 44 27 28 21 5 16 15 19 18 11 4 23 22 24 | Mu 15222.

48 time
 33 27 52 48 29 20 21 8 6 51 49 50 26 5 7 3 13 12 14 11 37 36 43 42 34 31 39 35 45 44 41 46 32 30 40 38 4 17 15 0 2 16 23 19 1 10 9 28 25 47 22 18 24 | Mu 14483.

49 time
 45 13 48 52 51 50 49 29 26 7 2 23 6 33 32 27 31 21 8 12 14 15 17 19 16 37 40 36 38 4 0 11 9 1 3 41 43 44 34 30 25 5 10 35 18 20 39 42 28 24 22 47 46 | Mu 14591.

MINIMUM: 13443
AVERAGE: 14950
MAXIMUM: 24620

